/home/osl/FPGA-Track-E/HLS/ex3_passthrough/ex3_passthrough_prj/sol1/.autopilot/db/passthrough.pp.0.cpp:1448:7: warning: Added loop label VITIS_LOOP_1207_1:   [xilinx-label-all-loops]
      for (i = 0; i < __N - 1; ++i) {
      ^~~
      VITIS_LOOP_1207_1: 
/home/osl/FPGA-Track-E/HLS/ex3_passthrough/ex3_passthrough_prj/sol1/.autopilot/db/passthrough.pp.0.cpp:1448:7: note: FIX-IT applied suggested code changes
/home/osl/FPGA-Track-E/HLS/ex3_passthrough/ex3_passthrough_prj/sol1/.autopilot/db/passthrough.pp.0.cpp:2422:5: warning: Added loop label VITIS_LOOP_676_1:   [xilinx-label-all-loops]
    for (unsigned i = low; i != high; ++i) {
    ^~~
    VITIS_LOOP_676_1: 
/home/osl/FPGA-Track-E/HLS/ex3_passthrough/ex3_passthrough_prj/sol1/.autopilot/db/passthrough.pp.0.cpp:2422:5: note: FIX-IT applied suggested code changes
/home/osl/FPGA-Track-E/HLS/ex3_passthrough/ex3_passthrough_prj/sol1/.autopilot/db/passthrough.pp.0.cpp:2436:5: warning: Added loop label VITIS_LOOP_690_1:   [xilinx-label-all-loops]
    for (unsigned i = low; i != high; ++i) {
    ^~~
    VITIS_LOOP_690_1: 
/home/osl/FPGA-Track-E/HLS/ex3_passthrough/ex3_passthrough_prj/sol1/.autopilot/db/passthrough.pp.0.cpp:2436:5: note: FIX-IT applied suggested code changes
/home/osl/FPGA-Track-E/HLS/ex3_passthrough/ex3_passthrough_prj/sol1/.autopilot/db/passthrough.pp.0.cpp:2450:5: warning: Added loop label VITIS_LOOP_704_1:   [xilinx-label-all-loops]
    for (unsigned i = low; i != high; ++i) {
    ^~~
    VITIS_LOOP_704_1: 
/home/osl/FPGA-Track-E/HLS/ex3_passthrough/ex3_passthrough_prj/sol1/.autopilot/db/passthrough.pp.0.cpp:2450:5: note: FIX-IT applied suggested code changes
/home/osl/FPGA-Track-E/HLS/ex3_passthrough/ex3_passthrough_prj/sol1/.autopilot/db/passthrough.pp.0.cpp:4079:7: warning: Added loop label VITIS_LOOP_1247_1:   [xilinx-label-all-loops]
      for (i = 0; i < __N - 1; ++i) {
      ^~~
      VITIS_LOOP_1247_1: 
/home/osl/FPGA-Track-E/HLS/ex3_passthrough/ex3_passthrough_prj/sol1/.autopilot/db/passthrough.pp.0.cpp:4079:7: note: FIX-IT applied suggested code changes
/home/osl/FPGA-Track-E/HLS/ex3_passthrough/ex3_passthrough_prj/sol1/.autopilot/db/passthrough.pp.0.cpp:9012:2: warning: Added loop label VITIS_LOOP_13_1:   [xilinx-label-all-loops]
 for (int i = 0; i < n_samples; i++) {
 ^~~
 VITIS_LOOP_13_1: 
/home/osl/FPGA-Track-E/HLS/ex3_passthrough/ex3_passthrough_prj/sol1/.autopilot/db/passthrough.pp.0.cpp:9012:2: note: FIX-IT applied suggested code changes
