

================================================================
== Vitis HLS Report for 'passthrough_stream'
================================================================
* Date:           Fri Jun 12 17:47:34 2026

* Version:        2023.2 (Build 4023990 on Oct 11 2023)
* Project:        ex3_passthrough_prj
* Solution:       sol1 (Vivado IP Flow Target)
* Product family: zynq
* Target device:  xc7z100-ffg900-2


================================================================
== Performance Estimates
================================================================
+ Timing: 
    * Summary: 
    +--------+----------+----------+------------+
    |  Clock |  Target  | Estimated| Uncertainty|
    +--------+----------+----------+------------+
    |ap_clk  |  10.00 ns|  3.194 ns|     2.70 ns|
    +--------+----------+----------+------------+

+ Latency: 
    * Summary: 
    +---------+---------+----------+----------+-----+-----+---------+
    |  Latency (cycles) |  Latency (absolute) |  Interval | Pipeline|
    |   min   |   max   |    min   |    max   | min | max |   Type  |
    +---------+---------+----------+----------+-----+-----+---------+
    |        ?|        ?|         ?|         ?|    ?|    ?|       no|
    +---------+---------+----------+----------+-----+-----+---------+

    + Detail: 
        * Instance: 
        N/A

        * Loop: 
        +-------------------+---------+---------+----------+-----------+-----------+------+----------+
        |                   |  Latency (cycles) | Iteration|  Initiation Interval  | Trip |          |
        |     Loop Name     |   min   |   max   |  Latency |  achieved |   target  | Count| Pipelined|
        +-------------------+---------+---------+----------+-----------+-----------+------+----------+
        |- VITIS_LOOP_13_1  |        ?|        ?|         3|          1|          1|     ?|       yes|
        +-------------------+---------+---------+----------+-----------+-----------+------+----------+

============================================================
+ Verbose Summary: Synthesis Manager
============================================================
InlineROM: 1
ExposeGlobal: 0
============================================================
+ Verbose Summary: CDFG Model
============================================================
IsTopModel: 1
ResetActiveHigh: 1
IsCombinational: 0
IsDatapathOnly: 0
HasWiredReturn: 1
HasMFsm: 2
HasVarLatency: 1
IsPipeline: 0
IsRtlPipelined: 0
IsInstanceOverlapped: 0
IsDontTouch: 0
HasImplIP: 0
IsGatedGlobalClock: 0

+ Individual pipeline summary: 
  * Pipeline-0: initiation interval (II) = 1, depth = 3


============================================================
+ Verbose Summary: Schedule
============================================================
* Number of FSM states : 5
* Pipeline : 1
  Pipeline-0 : II = 1, D = 3, States = { 2 3 4 }
* Dataflow Pipeline: 0

* FSM state transitions: 
1 --> 2 
2 --> 5 3 
3 --> 4 
4 --> 2 
5 --> 

* FSM state operations: 

State 1 <SV = 0> <Delay = 1.29>
ST_1 : Operation 6 [1/1] (0.00ns)   --->   "%i = alloca i32 1"   --->   Operation 6 'alloca' 'i' <Predicate = true> <Delay = 0.00>
ST_1 : Operation 7 [1/1] (0.00ns)   --->   "%spectopmodule_ln3 = spectopmodule void @_ssdm_op_SpecTopModule, void @empty_8" [passthrough.cpp:3]   --->   Operation 7 'spectopmodule' 'spectopmodule_ln3' <Predicate = true> <Delay = 0.00>
ST_1 : Operation 8 [1/1] (0.00ns)   --->   "%specinterface_ln0 = specinterface void @_ssdm_op_SpecInterface, i32 %in_stream_V_data_V, i4 %in_stream_V_keep_V, i4 %in_stream_V_strb_V, i1 %in_stream_V_last_V, void @empty, i32 1, i32 1, void @empty_0, i32 0, i32 0, void @empty_1, void @empty_1, void @empty_1, i32 0, i32 0, i32 0, i32 0, void @empty_1, void @empty_1, i32 4294967295, i32 0"   --->   Operation 8 'specinterface' 'specinterface_ln0' <Predicate = true> <Delay = 0.00>
ST_1 : Operation 9 [1/1] (0.00ns)   --->   "%specbitsmap_ln0 = specbitsmap void @_ssdm_op_SpecBitsMap, i32 %in_stream_V_data_V"   --->   Operation 9 'specbitsmap' 'specbitsmap_ln0' <Predicate = true> <Delay = 0.00>
ST_1 : Operation 10 [1/1] (0.00ns)   --->   "%specbitsmap_ln0 = specbitsmap void @_ssdm_op_SpecBitsMap, i4 %in_stream_V_keep_V"   --->   Operation 10 'specbitsmap' 'specbitsmap_ln0' <Predicate = true> <Delay = 0.00>
ST_1 : Operation 11 [1/1] (0.00ns)   --->   "%specbitsmap_ln0 = specbitsmap void @_ssdm_op_SpecBitsMap, i4 %in_stream_V_strb_V"   --->   Operation 11 'specbitsmap' 'specbitsmap_ln0' <Predicate = true> <Delay = 0.00>
ST_1 : Operation 12 [1/1] (0.00ns)   --->   "%specbitsmap_ln0 = specbitsmap void @_ssdm_op_SpecBitsMap, i1 %in_stream_V_last_V"   --->   Operation 12 'specbitsmap' 'specbitsmap_ln0' <Predicate = true> <Delay = 0.00>
ST_1 : Operation 13 [1/1] (0.00ns)   --->   "%specinterface_ln0 = specinterface void @_ssdm_op_SpecInterface, i32 %out_stream_V_data_V, i4 %out_stream_V_keep_V, i4 %out_stream_V_strb_V, i1 %out_stream_V_last_V, void @empty, i32 1, i32 1, void @empty_0, i32 0, i32 0, void @empty_1, void @empty_1, void @empty_1, i32 0, i32 0, i32 0, i32 0, void @empty_1, void @empty_1, i32 4294967295, i32 0"   --->   Operation 13 'specinterface' 'specinterface_ln0' <Predicate = true> <Delay = 0.00>
ST_1 : Operation 14 [1/1] (0.00ns)   --->   "%specbitsmap_ln0 = specbitsmap void @_ssdm_op_SpecBitsMap, i32 %out_stream_V_data_V"   --->   Operation 14 'specbitsmap' 'specbitsmap_ln0' <Predicate = true> <Delay = 0.00>
ST_1 : Operation 15 [1/1] (0.00ns)   --->   "%specbitsmap_ln0 = specbitsmap void @_ssdm_op_SpecBitsMap, i4 %out_stream_V_keep_V"   --->   Operation 15 'specbitsmap' 'specbitsmap_ln0' <Predicate = true> <Delay = 0.00>
ST_1 : Operation 16 [1/1] (0.00ns)   --->   "%specbitsmap_ln0 = specbitsmap void @_ssdm_op_SpecBitsMap, i4 %out_stream_V_strb_V"   --->   Operation 16 'specbitsmap' 'specbitsmap_ln0' <Predicate = true> <Delay = 0.00>
ST_1 : Operation 17 [1/1] (0.00ns)   --->   "%specbitsmap_ln0 = specbitsmap void @_ssdm_op_SpecBitsMap, i1 %out_stream_V_last_V"   --->   Operation 17 'specbitsmap' 'specbitsmap_ln0' <Predicate = true> <Delay = 0.00>
ST_1 : Operation 18 [1/1] (0.00ns)   --->   "%specbitsmap_ln0 = specbitsmap void @_ssdm_op_SpecBitsMap, i32 %n_samples"   --->   Operation 18 'specbitsmap' 'specbitsmap_ln0' <Predicate = true> <Delay = 0.00>
ST_1 : Operation 19 [1/1] (0.00ns)   --->   "%specinterface_ln0 = specinterface void @_ssdm_op_SpecInterface, i32 %n_samples, void @empty_2, i32 0, i32 0, void @empty_1, i32 0, i32 0, void @empty_3, void @empty_4, void @empty_1, i32 0, i32 0, i32 0, i32 0, void @empty_1, void @empty_1, i32 4294967295, i32 0"   --->   Operation 19 'specinterface' 'specinterface_ln0' <Predicate = true> <Delay = 0.00>
ST_1 : Operation 20 [1/1] (0.00ns)   --->   "%specinterface_ln0 = specinterface void @_ssdm_op_SpecInterface, i32 %n_samples, void @empty_5, i32 0, i32 0, void @empty_1, i32 0, i32 0, void @empty_1, void @empty_1, void @empty_1, i32 0, i32 0, i32 0, i32 0, void @empty_1, void @empty_1, i32 4294967295, i32 0"   --->   Operation 20 'specinterface' 'specinterface_ln0' <Predicate = true> <Delay = 0.00>
ST_1 : Operation 21 [1/1] (0.00ns)   --->   "%specinterface_ln0 = specinterface void @_ssdm_op_SpecInterface, i32 0, void @empty_2, i32 0, i32 0, void @empty_1, i32 0, i32 0, void @empty_3, void @empty_1, void @empty_1, i32 0, i32 0, i32 0, i32 0, void @empty_1, void @empty_1, i32 4294967295, i32 0"   --->   Operation 21 'specinterface' 'specinterface_ln0' <Predicate = true> <Delay = 0.00>
ST_1 : Operation 22 [1/1] (1.00ns)   --->   "%n_samples_read = read i32 @_ssdm_op_Read.s_axilite.i32, i32 %n_samples"   --->   Operation 22 'read' 'n_samples_read' <Predicate = true> <Delay = 1.00> <CoreInst = "s_axilite">   --->   Core 114 's_axilite' <Latency = 0> <II = 1> <Delay = 1.00> <Adapter> <Opcode : 'read' 'write'>
ST_1 : Operation 23 [1/1] (0.00ns)   --->   "%specaxissidechannel_ln13 = specaxissidechannel void @_ssdm_op_SpecAXISSideChannel, i32 %out_stream_V_data_V, i4 %out_stream_V_keep_V, i4 %out_stream_V_strb_V, i1 0, i1 %out_stream_V_last_V, i1 0, i1 0, void @empty_6" [passthrough.cpp:13]   --->   Operation 23 'specaxissidechannel' 'specaxissidechannel_ln13' <Predicate = true> <Delay = 0.00>
ST_1 : Operation 24 [1/1] (0.00ns)   --->   "%specaxissidechannel_ln13 = specaxissidechannel void @_ssdm_op_SpecAXISSideChannel, i32 %in_stream_V_data_V, i4 %in_stream_V_keep_V, i4 %in_stream_V_strb_V, i1 0, i1 %in_stream_V_last_V, i1 0, i1 0, void @empty_7" [passthrough.cpp:13]   --->   Operation 24 'specaxissidechannel' 'specaxissidechannel_ln13' <Predicate = true> <Delay = 0.00>
ST_1 : Operation 25 [1/1] (1.29ns)   --->   "%store_ln0 = store i31 0, i31 %i"   --->   Operation 25 'store' 'store_ln0' <Predicate = true> <Delay = 1.29>
ST_1 : Operation 26 [1/1] (0.00ns)   --->   "%br_ln13 = br void %for.inc" [passthrough.cpp:13]   --->   Operation 26 'br' 'br_ln13' <Predicate = true> <Delay = 0.00>

State 2 <SV = 1> <Delay = 3.19>
ST_2 : Operation 27 [1/1] (0.00ns)   --->   "%i_load = load i31 %i" [passthrough.cpp:13]   --->   Operation 27 'load' 'i_load' <Predicate = true> <Delay = 0.00>
ST_2 : Operation 28 [1/1] (0.00ns)   --->   "%i_cast = zext i31 %i_load" [passthrough.cpp:13]   --->   Operation 28 'zext' 'i_cast' <Predicate = true> <Delay = 0.00>
ST_2 : Operation 29 [1/1] (1.89ns)   --->   "%icmp_ln13 = icmp_slt  i32 %i_cast, i32 %n_samples_read" [passthrough.cpp:13]   --->   Operation 29 'icmp' 'icmp_ln13' <Predicate = true> <Delay = 1.89> <CoreInst = "Cmp">   --->   Core 9 'Cmp' <Latency = 0> <II = 1> <Delay = 1.89> <FuncUnit> <Opcode : 'icmp'> <InPorts = 2> <OutPorts = 1>
ST_2 : Operation 30 [1/1] (1.87ns)   --->   "%add_ln13 = add i31 %i_load, i31 1" [passthrough.cpp:13]   --->   Operation 30 'add' 'add_ln13' <Predicate = true> <Delay = 1.87> <CoreInst = "Adder">   --->   Core 1 'Adder' <Latency = 0> <II = 1> <Delay = 1.87> <FuncUnit> <Opcode : 'add' 'sub'> <InPorts = 2> <OutPorts = 1>
ST_2 : Operation 31 [1/1] (0.00ns)   --->   "%br_ln13 = br i1 %icmp_ln13, void %for.end.loopexit, void %for.inc.split" [passthrough.cpp:13]   --->   Operation 31 'br' 'br_ln13' <Predicate = true> <Delay = 0.00>
ST_2 : Operation 32 [1/1] (1.00ns)   --->   "%empty = read i41 @_ssdm_op_Read.axis.volatile.i32P0A.i4P0A.i4P0A.i1P0A, i32 %in_stream_V_data_V, i4 %in_stream_V_keep_V, i4 %in_stream_V_strb_V, i1 %in_stream_V_last_V" [passthrough.cpp:15]   --->   Operation 32 'read' 'empty' <Predicate = (icmp_ln13)> <Delay = 1.00> <CoreInst = "axis">   --->   Core 115 'axis' <Latency = 0> <II = 1> <Delay = 1.00> <Adapter> <Opcode : >
ST_2 : Operation 33 [1/1] (0.00ns)   --->   "%w_data = extractvalue i41 %empty" [passthrough.cpp:15]   --->   Operation 33 'extractvalue' 'w_data' <Predicate = (icmp_ln13)> <Delay = 0.00>
ST_2 : Operation 34 [1/1] (0.00ns)   --->   "%w_keep = extractvalue i41 %empty" [passthrough.cpp:15]   --->   Operation 34 'extractvalue' 'w_keep' <Predicate = (icmp_ln13)> <Delay = 0.00>
ST_2 : Operation 35 [1/1] (0.00ns)   --->   "%w_strb = extractvalue i41 %empty" [passthrough.cpp:15]   --->   Operation 35 'extractvalue' 'w_strb' <Predicate = (icmp_ln13)> <Delay = 0.00>
ST_2 : Operation 36 [1/1] (0.00ns)   --->   "%w_last = extractvalue i41 %empty" [passthrough.cpp:15]   --->   Operation 36 'extractvalue' 'w_last' <Predicate = (icmp_ln13)> <Delay = 0.00>
ST_2 : Operation 37 [1/1] (1.29ns)   --->   "%store_ln13 = store i31 %add_ln13, i31 %i" [passthrough.cpp:13]   --->   Operation 37 'store' 'store_ln13' <Predicate = (icmp_ln13)> <Delay = 1.29>

State 3 <SV = 2> <Delay = 1.00>
ST_3 : Operation 38 [2/2] (1.00ns)   --->   "%write_ln16 = write void @_ssdm_op_Write.axis.volatile.i32P0A.i4P0A.i4P0A.i1P0A, i32 %out_stream_V_data_V, i4 %out_stream_V_keep_V, i4 %out_stream_V_strb_V, i1 %out_stream_V_last_V, i32 %w_data, i4 %w_keep, i4 %w_strb, i1 %w_last" [passthrough.cpp:16]   --->   Operation 38 'write' 'write_ln16' <Predicate = true> <Delay = 1.00> <CoreInst = "axis">   --->   Core 115 'axis' <Latency = 0> <II = 1> <Delay = 1.00> <Adapter> <Opcode : >

State 4 <SV = 3> <Delay = 1.00>
ST_4 : Operation 39 [1/1] (0.00ns)   --->   "%specpipeline_ln14 = specpipeline void @_ssdm_op_SpecPipeline, i32 1, i32 0, i32 0, i32 0, void @empty_1" [passthrough.cpp:14]   --->   Operation 39 'specpipeline' 'specpipeline_ln14' <Predicate = true> <Delay = 0.00>
ST_4 : Operation 40 [1/1] (0.00ns)   --->   "%specloopname_ln13 = specloopname void @_ssdm_op_SpecLoopName, void @empty_9" [passthrough.cpp:13]   --->   Operation 40 'specloopname' 'specloopname_ln13' <Predicate = true> <Delay = 0.00>
ST_4 : Operation 41 [1/2] (1.00ns)   --->   "%write_ln16 = write void @_ssdm_op_Write.axis.volatile.i32P0A.i4P0A.i4P0A.i1P0A, i32 %out_stream_V_data_V, i4 %out_stream_V_keep_V, i4 %out_stream_V_strb_V, i1 %out_stream_V_last_V, i32 %w_data, i4 %w_keep, i4 %w_strb, i1 %w_last" [passthrough.cpp:16]   --->   Operation 41 'write' 'write_ln16' <Predicate = true> <Delay = 1.00> <CoreInst = "axis">   --->   Core 115 'axis' <Latency = 0> <II = 1> <Delay = 1.00> <Adapter> <Opcode : >
ST_4 : Operation 42 [1/1] (0.00ns)   --->   "%br_ln13 = br void %for.inc" [passthrough.cpp:13]   --->   Operation 42 'br' 'br_ln13' <Predicate = true> <Delay = 0.00>

State 5 <SV = 2> <Delay = 0.00>
ST_5 : Operation 43 [1/1] (0.00ns)   --->   "%ret_ln18 = ret" [passthrough.cpp:18]   --->   Operation 43 'ret' 'ret_ln18' <Predicate = true> <Delay = 0.00>


============================================================
+ Verbose Summary: Binding
============================================================
STG Binding: 
---------------- STG Properties BEGIN ----------------
- Is combinational: 0
- Is one-state seq: 0
- Is datapath-only: 0
- Is pipelined: 0
- Is top level: 1
Port [ Return ] is wired: 1; IO mode=ap_ctrl_hs:ce=0
Port [ in_stream_V_data_V]:  wired=1; compound=1; hidden=0; nouse=0; global=0; static=0; extern=0; dir=0; type=0; pingpong=0; private_global=0; IO mode=axis:ce=0
Port [ in_stream_V_keep_V]:  wired=1; compound=1; hidden=0; nouse=0; global=0; static=0; extern=0; dir=0; type=0; pingpong=0; private_global=0; IO mode=axis:ce=0
Port [ in_stream_V_strb_V]:  wired=1; compound=1; hidden=0; nouse=0; global=0; static=0; extern=0; dir=0; type=0; pingpong=0; private_global=0; IO mode=axis:ce=0
Port [ in_stream_V_last_V]:  wired=1; compound=1; hidden=0; nouse=0; global=0; static=0; extern=0; dir=0; type=0; pingpong=0; private_global=0; IO mode=axis:ce=0
Port [ out_stream_V_data_V]:  wired=1; compound=1; hidden=0; nouse=0; global=0; static=0; extern=0; dir=1; type=0; pingpong=0; private_global=0; IO mode=axis:ce=0
Port [ out_stream_V_keep_V]:  wired=1; compound=1; hidden=0; nouse=0; global=0; static=0; extern=0; dir=1; type=0; pingpong=0; private_global=0; IO mode=axis:ce=0
Port [ out_stream_V_strb_V]:  wired=1; compound=1; hidden=0; nouse=0; global=0; static=0; extern=0; dir=1; type=0; pingpong=0; private_global=0; IO mode=axis:ce=0
Port [ out_stream_V_last_V]:  wired=1; compound=1; hidden=0; nouse=0; global=0; static=0; extern=0; dir=1; type=0; pingpong=0; private_global=0; IO mode=axis:ce=0
Port [ n_samples]:  wired=1; compound=0; hidden=0; nouse=0; global=0; static=0; extern=0; dir=0; type=0; pingpong=0; private_global=0; IO mode=ap_none:ce=0
---------------- STG Properties END ------------------

---------------- Datapath Model BEGIN ----------------

<LifeTime>
<method=bitvector/>
i                        (alloca             ) [ 011110]
spectopmodule_ln3        (spectopmodule      ) [ 000000]
specinterface_ln0        (specinterface      ) [ 000000]
specbitsmap_ln0          (specbitsmap        ) [ 000000]
specbitsmap_ln0          (specbitsmap        ) [ 000000]
specbitsmap_ln0          (specbitsmap        ) [ 000000]
specbitsmap_ln0          (specbitsmap        ) [ 000000]
specinterface_ln0        (specinterface      ) [ 000000]
specbitsmap_ln0          (specbitsmap        ) [ 000000]
specbitsmap_ln0          (specbitsmap        ) [ 000000]
specbitsmap_ln0          (specbitsmap        ) [ 000000]
specbitsmap_ln0          (specbitsmap        ) [ 000000]
specbitsmap_ln0          (specbitsmap        ) [ 000000]
specinterface_ln0        (specinterface      ) [ 000000]
specinterface_ln0        (specinterface      ) [ 000000]
specinterface_ln0        (specinterface      ) [ 000000]
n_samples_read           (read               ) [ 001110]
specaxissidechannel_ln13 (specaxissidechannel) [ 000000]
specaxissidechannel_ln13 (specaxissidechannel) [ 000000]
store_ln0                (store              ) [ 000000]
br_ln13                  (br                 ) [ 000000]
i_load                   (load               ) [ 000000]
i_cast                   (zext               ) [ 000000]
icmp_ln13                (icmp               ) [ 001110]
add_ln13                 (add                ) [ 000000]
br_ln13                  (br                 ) [ 000000]
empty                    (read               ) [ 000000]
w_data                   (extractvalue       ) [ 001110]
w_keep                   (extractvalue       ) [ 001110]
w_strb                   (extractvalue       ) [ 001110]
w_last                   (extractvalue       ) [ 001110]
store_ln13               (store              ) [ 000000]
specpipeline_ln14        (specpipeline       ) [ 000000]
specloopname_ln13        (specloopname       ) [ 000000]
write_ln16               (write              ) [ 000000]
br_ln13                  (br                 ) [ 000000]
ret_ln18                 (ret                ) [ 000000]
</LifeTime>

<model>

<comp_list>
<comp id="0" class="1000" name="in_stream_V_data_V">
<pin_list>
<pin id="1" dir="1" index="0" bw="1" slack="0"/>
</pin_list>
<bind>
<StgValue><ssdm name="in_stream_V_data_V"/></StgValue>
</bind>
</comp>

<comp id="2" class="1000" name="in_stream_V_keep_V">
<pin_list>
<pin id="3" dir="1" index="0" bw="1" slack="0"/>
</pin_list>
<bind>
<StgValue><ssdm name="in_stream_V_keep_V"/></StgValue>
</bind>
</comp>

<comp id="4" class="1000" name="in_stream_V_strb_V">
<pin_list>
<pin id="5" dir="1" index="0" bw="1" slack="0"/>
</pin_list>
<bind>
<StgValue><ssdm name="in_stream_V_strb_V"/></StgValue>
</bind>
</comp>

<comp id="6" class="1000" name="in_stream_V_last_V">
<pin_list>
<pin id="7" dir="1" index="0" bw="1" slack="0"/>
</pin_list>
<bind>
<StgValue><ssdm name="in_stream_V_last_V"/></StgValue>
</bind>
</comp>

<comp id="8" class="1000" name="out_stream_V_data_V">
<pin_list>
<pin id="9" dir="1" index="0" bw="1" slack="0"/>
</pin_list>
<bind>
<StgValue><ssdm name="out_stream_V_data_V"/></StgValue>
</bind>
</comp>

<comp id="10" class="1000" name="out_stream_V_keep_V">
<pin_list>
<pin id="11" dir="1" index="0" bw="1" slack="0"/>
</pin_list>
<bind>
<StgValue><ssdm name="out_stream_V_keep_V"/></StgValue>
</bind>
</comp>

<comp id="12" class="1000" name="out_stream_V_strb_V">
<pin_list>
<pin id="13" dir="1" index="0" bw="1" slack="0"/>
</pin_list>
<bind>
<StgValue><ssdm name="out_stream_V_strb_V"/></StgValue>
</bind>
</comp>

<comp id="14" class="1000" name="out_stream_V_last_V">
<pin_list>
<pin id="15" dir="1" index="0" bw="1" slack="0"/>
</pin_list>
<bind>
<StgValue><ssdm name="out_stream_V_last_V"/></StgValue>
</bind>
</comp>

<comp id="16" class="1000" name="n_samples">
<pin_list>
<pin id="17" dir="1" index="0" bw="1" slack="0"/>
</pin_list>
<bind>
<StgValue><ssdm name="n_samples"/></StgValue>
</bind>
</comp>

<comp id="18" class="1001" name="const_18">
<pin_list>
<pin id="19" dir="1" index="0" bw="1" slack="0"/>
</pin_list>
<bind>
<StgValue><ssdm name=""/></StgValue>
</bind>
</comp>

<comp id="20" class="1001" name="const_20">
<pin_list>
<pin id="21" dir="1" index="0" bw="1" slack="2147483647"/>
</pin_list>
<bind>
<StgValue><ssdm name="_ssdm_op_SpecTopModule"/></StgValue>
</bind>
</comp>

<comp id="22" class="1001" name="const_22">
<pin_list>
<pin id="23" dir="1" index="0" bw="1" slack="2147483647"/>
</pin_list>
<bind>
<StgValue><ssdm name="empty_8"/></StgValue>
</bind>
</comp>

<comp id="24" class="1001" name="const_24">
<pin_list>
<pin id="25" dir="1" index="0" bw="1" slack="2147483647"/>
</pin_list>
<bind>
<StgValue><ssdm name="_ssdm_op_SpecInterface"/></StgValue>
</bind>
</comp>

<comp id="26" class="1001" name="const_26">
<pin_list>
<pin id="27" dir="1" index="0" bw="1" slack="2147483647"/>
</pin_list>
<bind>
<StgValue><ssdm name="empty"/></StgValue>
</bind>
</comp>

<comp id="28" class="1001" name="const_28">
<pin_list>
<pin id="29" dir="1" index="0" bw="1" slack="2147483647"/>
</pin_list>
<bind>
<StgValue><ssdm name="empty_0"/></StgValue>
</bind>
</comp>

<comp id="30" class="1001" name="const_30">
<pin_list>
<pin id="31" dir="1" index="0" bw="1" slack="2147483647"/>
</pin_list>
<bind>
<StgValue><ssdm name=""/></StgValue>
</bind>
</comp>

<comp id="32" class="1001" name="const_32">
<pin_list>
<pin id="33" dir="1" index="0" bw="1" slack="2147483647"/>
</pin_list>
<bind>
<StgValue><ssdm name="empty_1"/></StgValue>
</bind>
</comp>

<comp id="34" class="1001" name="const_34">
<pin_list>
<pin id="35" dir="1" index="0" bw="1" slack="2147483647"/>
</pin_list>
<bind>
<StgValue><ssdm name=""/></StgValue>
</bind>
</comp>

<comp id="36" class="1001" name="const_36">
<pin_list>
<pin id="37" dir="1" index="0" bw="1" slack="2147483647"/>
</pin_list>
<bind>
<StgValue><ssdm name="_ssdm_op_SpecBitsMap"/></StgValue>
</bind>
</comp>

<comp id="38" class="1001" name="const_38">
<pin_list>
<pin id="39" dir="1" index="0" bw="1" slack="2147483647"/>
</pin_list>
<bind>
<StgValue><ssdm name="empty_2"/></StgValue>
</bind>
</comp>

<comp id="40" class="1001" name="const_40">
<pin_list>
<pin id="41" dir="1" index="0" bw="1" slack="2147483647"/>
</pin_list>
<bind>
<StgValue><ssdm name="empty_3"/></StgValue>
</bind>
</comp>

<comp id="42" class="1001" name="const_42">
<pin_list>
<pin id="43" dir="1" index="0" bw="1" slack="2147483647"/>
</pin_list>
<bind>
<StgValue><ssdm name="empty_4"/></StgValue>
</bind>
</comp>

<comp id="44" class="1001" name="const_44">
<pin_list>
<pin id="45" dir="1" index="0" bw="1" slack="2147483647"/>
</pin_list>
<bind>
<StgValue><ssdm name="empty_5"/></StgValue>
</bind>
</comp>

<comp id="46" class="1001" name="const_46">
<pin_list>
<pin id="47" dir="1" index="0" bw="1" slack="0"/>
</pin_list>
<bind>
<StgValue><ssdm name="_ssdm_op_Read.s_axilite.i32"/></StgValue>
</bind>
</comp>

<comp id="48" class="1001" name="const_48">
<pin_list>
<pin id="49" dir="1" index="0" bw="1" slack="2147483647"/>
</pin_list>
<bind>
<StgValue><ssdm name="_ssdm_op_SpecAXISSideChannel"/></StgValue>
</bind>
</comp>

<comp id="50" class="1001" name="const_50">
<pin_list>
<pin id="51" dir="1" index="0" bw="1" slack="2147483647"/>
</pin_list>
<bind>
<StgValue><ssdm name=""/></StgValue>
</bind>
</comp>

<comp id="52" class="1001" name="const_52">
<pin_list>
<pin id="53" dir="1" index="0" bw="1" slack="2147483647"/>
</pin_list>
<bind>
<StgValue><ssdm name="empty_6"/></StgValue>
</bind>
</comp>

<comp id="54" class="1001" name="const_54">
<pin_list>
<pin id="55" dir="1" index="0" bw="1" slack="2147483647"/>
</pin_list>
<bind>
<StgValue><ssdm name="empty_7"/></StgValue>
</bind>
</comp>

<comp id="56" class="1001" name="const_56">
<pin_list>
<pin id="57" dir="1" index="0" bw="1" slack="0"/>
</pin_list>
<bind>
<StgValue><ssdm name=""/></StgValue>
</bind>
</comp>

<comp id="58" class="1001" name="const_58">
<pin_list>
<pin id="59" dir="1" index="0" bw="1" slack="0"/>
</pin_list>
<bind>
<StgValue><ssdm name=""/></StgValue>
</bind>
</comp>

<comp id="60" class="1001" name="const_60">
<pin_list>
<pin id="61" dir="1" index="0" bw="1" slack="0"/>
</pin_list>
<bind>
<StgValue><ssdm name="_ssdm_op_Read.axis.volatile.i32P0A.i4P0A.i4P0A.i1P0A"/></StgValue>
</bind>
</comp>

<comp id="62" class="1001" name="const_62">
<pin_list>
<pin id="63" dir="1" index="0" bw="1" slack="0"/>
</pin_list>
<bind>
<StgValue><ssdm name="_ssdm_op_Write.axis.volatile.i32P0A.i4P0A.i4P0A.i1P0A"/></StgValue>
</bind>
</comp>

<comp id="64" class="1001" name="const_64">
<pin_list>
<pin id="65" dir="1" index="0" bw="1" slack="2147483647"/>
</pin_list>
<bind>
<StgValue><ssdm name="_ssdm_op_SpecPipeline"/></StgValue>
</bind>
</comp>

<comp id="66" class="1001" name="const_66">
<pin_list>
<pin id="67" dir="1" index="0" bw="1" slack="2147483647"/>
</pin_list>
<bind>
<StgValue><ssdm name="_ssdm_op_SpecLoopName"/></StgValue>
</bind>
</comp>

<comp id="68" class="1001" name="const_68">
<pin_list>
<pin id="69" dir="1" index="0" bw="1" slack="2147483647"/>
</pin_list>
<bind>
<StgValue><ssdm name="empty_9"/></StgValue>
</bind>
</comp>

<comp id="70" class="1004" name="i_fu_70">
<pin_list>
<pin id="71" dir="0" index="0" bw="1" slack="0"/>
<pin id="72" dir="1" index="1" bw="31" slack="0"/>
</pin_list>
<bind>
<opcode="alloca(26) " fcode="alloca"/>
<opset="i/1 "/>
</bind>
</comp>

<comp id="74" class="1004" name="n_samples_read_read_fu_74">
<pin_list>
<pin id="75" dir="0" index="0" bw="32" slack="0"/>
<pin id="76" dir="0" index="1" bw="32" slack="0"/>
<pin id="77" dir="1" index="2" bw="32" slack="1"/>
</pin_list>
<bind>
<opcode="read(1150) " fcode="read"/>
<opset="n_samples_read/1 "/>
</bind>
</comp>

<comp id="80" class="1004" name="empty_read_fu_80">
<pin_list>
<pin id="81" dir="0" index="0" bw="41" slack="0"/>
<pin id="82" dir="0" index="1" bw="32" slack="0"/>
<pin id="83" dir="0" index="2" bw="4" slack="0"/>
<pin id="84" dir="0" index="3" bw="4" slack="0"/>
<pin id="85" dir="0" index="4" bw="1" slack="0"/>
<pin id="86" dir="1" index="5" bw="41" slack="0"/>
</pin_list>
<bind>
<opcode="read(1150) " fcode="read"/>
<opset="empty/2 "/>
</bind>
</comp>

<comp id="92" class="1004" name="grp_write_fu_92">
<pin_list>
<pin id="93" dir="0" index="0" bw="0" slack="0"/>
<pin id="94" dir="0" index="1" bw="32" slack="0"/>
<pin id="95" dir="0" index="2" bw="4" slack="0"/>
<pin id="96" dir="0" index="3" bw="4" slack="0"/>
<pin id="97" dir="0" index="4" bw="1" slack="0"/>
<pin id="98" dir="0" index="5" bw="32" slack="1"/>
<pin id="99" dir="0" index="6" bw="4" slack="1"/>
<pin id="100" dir="0" index="7" bw="4" slack="1"/>
<pin id="101" dir="0" index="8" bw="1" slack="1"/>
<pin id="102" dir="1" index="9" bw="0" slack="2147483647"/>
</pin_list>
<bind>
<opcode="write(1151) " fcode="write"/>
<opset="write_ln16/3 "/>
</bind>
</comp>

<comp id="108" class="1004" name="store_ln0_store_fu_108">
<pin_list>
<pin id="109" dir="0" index="0" bw="1" slack="0"/>
<pin id="110" dir="0" index="1" bw="31" slack="0"/>
<pin id="111" dir="1" index="2" bw="0" slack="2147483647"/>
</pin_list>
<bind>
<opcode="store(28) " fcode="store"/>
<opset="store_ln0/1 "/>
</bind>
</comp>

<comp id="113" class="1004" name="i_load_load_fu_113">
<pin_list>
<pin id="114" dir="0" index="0" bw="31" slack="1"/>
<pin id="115" dir="1" index="1" bw="31" slack="0"/>
</pin_list>
<bind>
<opcode="load(27) " fcode="load"/>
<opset="i_load/2 "/>
</bind>
</comp>

<comp id="116" class="1004" name="i_cast_fu_116">
<pin_list>
<pin id="117" dir="0" index="0" bw="31" slack="0"/>
<pin id="118" dir="1" index="1" bw="32" slack="0"/>
</pin_list>
<bind>
<opcode="zext(34) " fcode="zext"/>
<opset="i_cast/2 "/>
</bind>
</comp>

<comp id="120" class="1004" name="icmp_ln13_fu_120">
<pin_list>
<pin id="121" dir="0" index="0" bw="31" slack="0"/>
<pin id="122" dir="0" index="1" bw="32" slack="1"/>
<pin id="123" dir="1" index="2" bw="1" slack="2147483647"/>
</pin_list>
<bind>
<opcode="icmp(45) " fcode="icmp"/>
<opset="icmp_ln13/2 "/>
</bind>
</comp>

<comp id="125" class="1004" name="add_ln13_fu_125">
<pin_list>
<pin id="126" dir="0" index="0" bw="31" slack="0"/>
<pin id="127" dir="0" index="1" bw="1" slack="0"/>
<pin id="128" dir="1" index="2" bw="31" slack="0"/>
</pin_list>
<bind>
<opcode="add(8) " fcode="add"/>
<opset="add_ln13/2 "/>
</bind>
</comp>

<comp id="131" class="1004" name="w_data_fu_131">
<pin_list>
<pin id="132" dir="0" index="0" bw="41" slack="0"/>
<pin id="133" dir="1" index="1" bw="32" slack="1"/>
</pin_list>
<bind>
<opcode="extractvalue(56) " fcode="extractvalue"/>
<opset="w_data/2 "/>
</bind>
</comp>

<comp id="135" class="1004" name="w_keep_fu_135">
<pin_list>
<pin id="136" dir="0" index="0" bw="41" slack="0"/>
<pin id="137" dir="1" index="1" bw="4" slack="1"/>
</pin_list>
<bind>
<opcode="extractvalue(56) " fcode="extractvalue"/>
<opset="w_keep/2 "/>
</bind>
</comp>

<comp id="139" class="1004" name="w_strb_fu_139">
<pin_list>
<pin id="140" dir="0" index="0" bw="41" slack="0"/>
<pin id="141" dir="1" index="1" bw="4" slack="1"/>
</pin_list>
<bind>
<opcode="extractvalue(56) " fcode="extractvalue"/>
<opset="w_strb/2 "/>
</bind>
</comp>

<comp id="143" class="1004" name="w_last_fu_143">
<pin_list>
<pin id="144" dir="0" index="0" bw="41" slack="0"/>
<pin id="145" dir="1" index="1" bw="1" slack="1"/>
</pin_list>
<bind>
<opcode="extractvalue(56) " fcode="extractvalue"/>
<opset="w_last/2 "/>
</bind>
</comp>

<comp id="147" class="1004" name="store_ln13_store_fu_147">
<pin_list>
<pin id="148" dir="0" index="0" bw="31" slack="0"/>
<pin id="149" dir="0" index="1" bw="31" slack="1"/>
<pin id="150" dir="1" index="2" bw="0" slack="2147483647"/>
</pin_list>
<bind>
<opcode="store(28) " fcode="store"/>
<opset="store_ln13/2 "/>
</bind>
</comp>

<comp id="152" class="1005" name="i_reg_152">
<pin_list>
<pin id="153" dir="0" index="0" bw="31" slack="0"/>
<pin id="154" dir="1" index="1" bw="31" slack="0"/>
</pin_list>
<bind>
<opset="i "/>
</bind>
</comp>

<comp id="159" class="1005" name="n_samples_read_reg_159">
<pin_list>
<pin id="160" dir="0" index="0" bw="32" slack="1"/>
<pin id="161" dir="1" index="1" bw="32" slack="1"/>
</pin_list>
<bind>
<opset="n_samples_read "/>
</bind>
</comp>

<comp id="167" class="1005" name="w_data_reg_167">
<pin_list>
<pin id="168" dir="0" index="0" bw="32" slack="1"/>
<pin id="169" dir="1" index="1" bw="32" slack="1"/>
</pin_list>
<bind>
<opset="w_data "/>
</bind>
</comp>

<comp id="172" class="1005" name="w_keep_reg_172">
<pin_list>
<pin id="173" dir="0" index="0" bw="4" slack="1"/>
<pin id="174" dir="1" index="1" bw="4" slack="1"/>
</pin_list>
<bind>
<opset="w_keep "/>
</bind>
</comp>

<comp id="177" class="1005" name="w_strb_reg_177">
<pin_list>
<pin id="178" dir="0" index="0" bw="4" slack="1"/>
<pin id="179" dir="1" index="1" bw="4" slack="1"/>
</pin_list>
<bind>
<opset="w_strb "/>
</bind>
</comp>

<comp id="182" class="1005" name="w_last_reg_182">
<pin_list>
<pin id="183" dir="0" index="0" bw="1" slack="1"/>
<pin id="184" dir="1" index="1" bw="1" slack="1"/>
</pin_list>
<bind>
<opset="w_last "/>
</bind>
</comp>

</comp_list>

<net_list>
<net id="73"><net_src comp="18" pin="0"/><net_sink comp="70" pin=0"/></net>

<net id="78"><net_src comp="46" pin="0"/><net_sink comp="74" pin=0"/></net>

<net id="79"><net_src comp="16" pin="0"/><net_sink comp="74" pin=1"/></net>

<net id="87"><net_src comp="60" pin="0"/><net_sink comp="80" pin=0"/></net>

<net id="88"><net_src comp="0" pin="0"/><net_sink comp="80" pin=1"/></net>

<net id="89"><net_src comp="2" pin="0"/><net_sink comp="80" pin=2"/></net>

<net id="90"><net_src comp="4" pin="0"/><net_sink comp="80" pin=3"/></net>

<net id="91"><net_src comp="6" pin="0"/><net_sink comp="80" pin=4"/></net>

<net id="103"><net_src comp="62" pin="0"/><net_sink comp="92" pin=0"/></net>

<net id="104"><net_src comp="8" pin="0"/><net_sink comp="92" pin=1"/></net>

<net id="105"><net_src comp="10" pin="0"/><net_sink comp="92" pin=2"/></net>

<net id="106"><net_src comp="12" pin="0"/><net_sink comp="92" pin=3"/></net>

<net id="107"><net_src comp="14" pin="0"/><net_sink comp="92" pin=4"/></net>

<net id="112"><net_src comp="56" pin="0"/><net_sink comp="108" pin=0"/></net>

<net id="119"><net_src comp="113" pin="1"/><net_sink comp="116" pin=0"/></net>

<net id="124"><net_src comp="116" pin="1"/><net_sink comp="120" pin=0"/></net>

<net id="129"><net_src comp="113" pin="1"/><net_sink comp="125" pin=0"/></net>

<net id="130"><net_src comp="58" pin="0"/><net_sink comp="125" pin=1"/></net>

<net id="134"><net_src comp="80" pin="5"/><net_sink comp="131" pin=0"/></net>

<net id="138"><net_src comp="80" pin="5"/><net_sink comp="135" pin=0"/></net>

<net id="142"><net_src comp="80" pin="5"/><net_sink comp="139" pin=0"/></net>

<net id="146"><net_src comp="80" pin="5"/><net_sink comp="143" pin=0"/></net>

<net id="151"><net_src comp="125" pin="2"/><net_sink comp="147" pin=0"/></net>

<net id="155"><net_src comp="70" pin="1"/><net_sink comp="152" pin=0"/></net>

<net id="156"><net_src comp="152" pin="1"/><net_sink comp="108" pin=1"/></net>

<net id="157"><net_src comp="152" pin="1"/><net_sink comp="113" pin=0"/></net>

<net id="158"><net_src comp="152" pin="1"/><net_sink comp="147" pin=1"/></net>

<net id="162"><net_src comp="74" pin="2"/><net_sink comp="159" pin=0"/></net>

<net id="163"><net_src comp="159" pin="1"/><net_sink comp="120" pin=1"/></net>

<net id="170"><net_src comp="131" pin="1"/><net_sink comp="167" pin=0"/></net>

<net id="171"><net_src comp="167" pin="1"/><net_sink comp="92" pin=5"/></net>

<net id="175"><net_src comp="135" pin="1"/><net_sink comp="172" pin=0"/></net>

<net id="176"><net_src comp="172" pin="1"/><net_sink comp="92" pin=6"/></net>

<net id="180"><net_src comp="139" pin="1"/><net_sink comp="177" pin=0"/></net>

<net id="181"><net_src comp="177" pin="1"/><net_sink comp="92" pin=7"/></net>

<net id="185"><net_src comp="143" pin="1"/><net_sink comp="182" pin=0"/></net>

<net id="186"><net_src comp="182" pin="1"/><net_sink comp="92" pin=8"/></net>

</net_list>

</model> 
---------------- Datapath Model END ------------------

* FSMD analyzer results:
  - Output states:
	Port: out_stream_V_data_V | {4 }
	Port: out_stream_V_keep_V | {4 }
	Port: out_stream_V_strb_V | {4 }
	Port: out_stream_V_last_V | {4 }
 - Input state : 
	Port: passthrough_stream : in_stream_V_data_V | {2 }
	Port: passthrough_stream : in_stream_V_keep_V | {2 }
	Port: passthrough_stream : in_stream_V_strb_V | {2 }
	Port: passthrough_stream : in_stream_V_last_V | {2 }
	Port: passthrough_stream : n_samples | {1 }
  - Chain level:
	State 1
		store_ln0 : 1
	State 2
		i_cast : 1
		icmp_ln13 : 2
		add_ln13 : 1
		br_ln13 : 3
		store_ln13 : 2
	State 3
	State 4
	State 5


============================================================
+ Verbose Summary: Datapath Resource usage 
============================================================

* Functional unit list:
|----------|---------------------------|---------|---------|
| Operation|      Functional Unit      |    FF   |   LUT   |
|----------|---------------------------|---------|---------|
|   icmp   |      icmp_ln13_fu_120     |    0    |    32   |
|----------|---------------------------|---------|---------|
|    add   |      add_ln13_fu_125      |    0    |    31   |
|----------|---------------------------|---------|---------|
|   read   | n_samples_read_read_fu_74 |    0    |    0    |
|          |      empty_read_fu_80     |    0    |    0    |
|----------|---------------------------|---------|---------|
|   write  |      grp_write_fu_92      |    0    |    0    |
|----------|---------------------------|---------|---------|
|   zext   |       i_cast_fu_116       |    0    |    0    |
|----------|---------------------------|---------|---------|
|          |       w_data_fu_131       |    0    |    0    |
|extractvalue|       w_keep_fu_135       |    0    |    0    |
|          |       w_strb_fu_139       |    0    |    0    |
|          |       w_last_fu_143       |    0    |    0    |
|----------|---------------------------|---------|---------|
|   Total  |                           |    0    |    63   |
|----------|---------------------------|---------|---------|

Memories:
N/A

* Register list:
+----------------------+--------+
|                      |   FF   |
+----------------------+--------+
|       i_reg_152      |   31   |
|n_samples_read_reg_159|   32   |
|    w_data_reg_167    |   32   |
|    w_keep_reg_172    |    4   |
|    w_last_reg_182    |    1   |
|    w_strb_reg_177    |    4   |
+----------------------+--------+
|         Total        |   104  |
+----------------------+--------+

* Multiplexer (MUX) list: 
|--------|------|------|------|--------|
|  Comp  |  Pin | Size |  BW  | S x BW |
|--------|------|------|------|--------|
|  Total |      |      |      |    0   |
|--------|------|------|------|--------|



* Summary:
+-----------+--------+--------+
|           |   FF   |   LUT  |
+-----------+--------+--------+
|  Function |    0   |   63   |
|   Memory  |    -   |    -   |
|Multiplexer|    -   |    -   |
|  Register |   104  |    -   |
+-----------+--------+--------+
|   Total   |   104  |   63   |
+-----------+--------+--------+
