

================================================================
== Vitis HLS Report for 'logmel_Pipeline_VITIS_LOOP_30_2'
================================================================
* Date:           Mon Jun 15 17:25:18 2026

* Version:        2023.2 (Build 4023990 on Oct 11 2023)
* Project:        ex4_logmel
* Solution:       solution1 (Vivado IP Flow Target)
* Product family: zynq
* Target device:  xc7z100-ffg900-2


================================================================
== Performance Estimates
================================================================
+ Timing: 
    * Summary: 
    +--------+----------+----------+------------+
    |  Clock |  Target  | Estimated| Uncertainty|
    +--------+----------+----------+------------+
    |ap_clk  |  10.00 ns|  5.490 ns|     2.70 ns|
    +--------+----------+----------+------------+

+ Latency: 
    * Summary: 
    +---------+---------+----------+----------+-----+-----+---------+
    |  Latency (cycles) |  Latency (absolute) |  Interval | Pipeline|
    |   min   |   max   |    min   |    max   | min | max |   Type  |
    +---------+---------+----------+----------+-----+-----+---------+
    |      260|      260|  2.600 us|  2.600 us|  260|  260|       no|
    +---------+---------+----------+----------+-----+-----+---------+

    + Detail: 
        * Instance: 
        N/A

        * Loop: 
        +-------------------+---------+---------+----------+-----------+-----------+------+----------+
        |                   |  Latency (cycles) | Iteration|  Initiation Interval  | Trip |          |
        |     Loop Name     |   min   |   max   |  Latency |  achieved |   target  | Count| Pipelined|
        +-------------------+---------+---------+----------+-----------+-----------+------+----------+
        |- VITIS_LOOP_30_2  |      258|      258|         4|          1|          1|   256|       yes|
        +-------------------+---------+---------+----------+-----------+-----------+------+----------+



================================================================
== Utilization Estimates
================================================================
* Summary: 
+-----------------+---------+------+--------+--------+-----+
|       Name      | BRAM_18K|  DSP |   FF   |   LUT  | URAM|
+-----------------+---------+------+--------+--------+-----+
|DSP              |        -|     -|       -|       -|    -|
|Expression       |        -|     -|       0|      82|    -|
|FIFO             |        -|     -|       -|       -|    -|
|Instance         |        -|     2|       0|      48|    -|
|Memory           |        -|     -|       -|       -|    -|
|Multiplexer      |        -|     -|       -|      36|    -|
|Register         |        -|     -|     133|      32|    -|
+-----------------+---------+------+--------+--------+-----+
|Total            |        0|     2|     133|     198|    0|
+-----------------+---------+------+--------+--------+-----+
|Available        |     1510|  2020|  554800|  277400|    0|
+-----------------+---------+------+--------+--------+-----+
|Utilization (%)  |        0|    ~0|      ~0|      ~0|    0|
+-----------------+---------+------+--------+--------+-----+

+ Detail: 
    * Instance: 
    +-----------------------+--------------------+---------+----+---+----+-----+
    |        Instance       |       Module       | BRAM_18K| DSP| FF| LUT| URAM|
    +-----------------------+--------------------+---------+----+---+----+-----+
    |mul_25s_25s_50_1_1_U6  |mul_25s_25s_50_1_1  |        0|   2|  0|  48|    0|
    +-----------------------+--------------------+---------+----+---+----+-----+
    |Total                  |                    |        0|   2|  0|  48|    0|
    +-----------------------+--------------------+---------+----+---+----+-----+

    * DSP: 
    N/A

    * Memory: 
    N/A

    * FIFO: 
    N/A

    * Expression: 
    +----------------------+----------+----+---+----+------------+------------+
    |     Variable Name    | Operation| DSP| FF| LUT| Bitwidth P0| Bitwidth P1|
    +----------------------+----------+----+---+----+------------+------------+
    |add_ln30_fu_96_p2     |         +|   0|  0|   9|           9|           1|
    |add_ln34_fu_157_p2    |         +|   0|  0|  27|          27|          27|
    |icmp_ln30_fu_90_p2    |      icmp|   0|  0|  10|           9|          10|
    |or_ln34_1_fu_180_p2   |        or|   0|  0|   1|           1|           1|
    |or_ln34_fu_197_p2     |        or|   0|  0|   1|           1|           1|
    |power_d0              |    select|   0|  0|  27|           1|           2|
    |ap_enable_pp0         |       xor|   0|  0|   2|           1|           2|
    |xor_ln34_1_fu_191_p2  |       xor|   0|  0|   2|           1|           2|
    |xor_ln34_2_fu_175_p2  |       xor|   0|  0|   2|           1|           2|
    |xor_ln34_fu_186_p2    |       xor|   0|  0|   1|           1|           1|
    +----------------------+----------+----+---+----+------------+------------+
    |Total                 |          |   0|  0|  82|          52|          49|
    +----------------------+----------+----+---+----+------------+------------+

    * Multiplexer: 
    +-------------------------+----+-----------+-----+-----------+
    |           Name          | LUT| Input Size| Bits| Total Bits|
    +-------------------------+----+-----------+-----+-----------+
    |ap_done_int              |   9|          2|    1|          2|
    |ap_enable_reg_pp0_iter1  |   9|          2|    1|          2|
    |ap_sig_allocacmp_k_1     |   9|          2|    9|         18|
    |k_fu_48                  |   9|          2|    9|         18|
    +-------------------------+----+-----------+-----+-----------+
    |Total                    |  36|          8|   20|         40|
    +-------------------------+----+-----------+-----+-----------+

    * Register: 
    +----------------------------------+----+----+-----+-----------+
    |               Name               | FF | LUT| Bits| Const Bits|
    +----------------------------------+----+----+-----+-----------+
    |ap_CS_fsm                         |   1|   0|    1|          0|
    |ap_done_reg                       |   1|   0|    1|          0|
    |ap_enable_reg_pp0_iter1           |   1|   0|    1|          0|
    |ap_enable_reg_pp0_iter2           |   1|   0|    1|          0|
    |ap_enable_reg_pp0_iter3           |   1|   0|    1|          0|
    |ap_loop_exit_ready_pp0_iter1_reg  |   1|   0|    1|          0|
    |ap_loop_exit_ready_pp0_iter2_reg  |   1|   0|    1|          0|
    |frame_load_reg_233                |  16|   0|   16|          0|
    |k_fu_48                           |   9|   0|    9|          0|
    |tmp_2_reg_248                     |   1|   0|    1|          0|
    |tmp_reg_243                       |   1|   0|    1|          0|
    |trunc_ln_reg_238                  |  26|   0|   26|          0|
    |zext_ln30_reg_223                 |   9|   0|   64|         55|
    |zext_ln30_reg_223                 |  64|  32|   64|         55|
    +----------------------------------+----+----+-----+-----------+
    |Total                             | 133|  32|  188|        110|
    +----------------------------------+----+----+-----+-----------+



================================================================
== Interface
================================================================
* Summary: 
+----------------+-----+-----+------------+---------------------------------+--------------+
|    RTL Ports   | Dir | Bits|  Protocol  |          Source Object          |    C Type    |
+----------------+-----+-----+------------+---------------------------------+--------------+
|ap_clk          |   in|    1|  ap_ctrl_hs|  logmel_Pipeline_VITIS_LOOP_30_2|  return value|
|ap_rst          |   in|    1|  ap_ctrl_hs|  logmel_Pipeline_VITIS_LOOP_30_2|  return value|
|ap_start        |   in|    1|  ap_ctrl_hs|  logmel_Pipeline_VITIS_LOOP_30_2|  return value|
|ap_done         |  out|    1|  ap_ctrl_hs|  logmel_Pipeline_VITIS_LOOP_30_2|  return value|
|ap_idle         |  out|    1|  ap_ctrl_hs|  logmel_Pipeline_VITIS_LOOP_30_2|  return value|
|ap_ready        |  out|    1|  ap_ctrl_hs|  logmel_Pipeline_VITIS_LOOP_30_2|  return value|
|frame_address0  |  out|    9|   ap_memory|                            frame|         array|
|frame_ce0       |  out|    1|   ap_memory|                            frame|         array|
|frame_q0        |   in|   16|   ap_memory|                            frame|         array|
|power_address0  |  out|    8|   ap_memory|                            power|         array|
|power_ce0       |  out|    1|   ap_memory|                            power|         array|
|power_we0       |  out|    1|   ap_memory|                            power|         array|
|power_d0        |  out|   27|   ap_memory|                            power|         array|
+----------------+-----+-----+------------+---------------------------------+--------------+

