

================================================================
== Vitis HLS Report for 'logmel_Pipeline_WRITE'
================================================================
* Date:           Mon Jun 15 17:25:31 2026

* Version:        2023.2 (Build 4023990 on Oct 11 2023)
* Project:        ex4_logmel
* Solution:       solution1 (Vivado IP Flow Target)
* Product family: zynq
* Target device:  xc7z100-ffg900-2


================================================================
== Performance Estimates
================================================================
+ Timing: 
    * Summary: 
    +--------+----------+----------+------------+
    |  Clock |  Target  | Estimated| Uncertainty|
    +--------+----------+----------+------------+
    |ap_clk  |  10.00 ns|  3.878 ns|     2.70 ns|
    +--------+----------+----------+------------+

+ Latency: 
    * Summary: 
    +---------+---------+----------+----------+-----+-----+---------+
    |  Latency (cycles) |  Latency (absolute) |  Interval | Pipeline|
    |   min   |   max   |    min   |    max   | min | max |   Type  |
    +---------+---------+----------+----------+-----+-----+---------+
    |       42|       42|  0.420 us|  0.420 us|   42|   42|       no|
    +---------+---------+----------+----------+-----+-----+---------+

    + Detail: 
        * Instance: 
        N/A

        * Loop: 
        +----------+---------+---------+----------+-----------+-----------+------+----------+
        |          |  Latency (cycles) | Iteration|  Initiation Interval  | Trip |          |
        | Loop Name|   min   |   max   |  Latency |  achieved |   target  | Count| Pipelined|
        +----------+---------+---------+----------+-----------+-----------+------+----------+
        |- WRITE   |       40|       40|         2|          1|          1|    40|       yes|
        +----------+---------+---------+----------+-----------+-----------+------+----------+



================================================================
== Utilization Estimates
================================================================
* Summary: 
+-----------------+---------+------+--------+--------+-----+
|       Name      | BRAM_18K|  DSP |   FF   |   LUT  | URAM|
+-----------------+---------+------+--------+--------+-----+
|DSP              |        -|     -|       -|       -|    -|
|Expression       |        -|     -|       0|      22|    -|
|FIFO             |        -|     -|       -|       -|    -|
|Instance         |        -|     -|       -|       -|    -|
|Memory           |        -|     -|       -|       -|    -|
|Multiplexer      |        -|     -|       -|      45|    -|
|Register         |        -|     -|      10|       -|    -|
+-----------------+---------+------+--------+--------+-----+
|Total            |        0|     0|      10|      67|    0|
+-----------------+---------+------+--------+--------+-----+
|Available        |     1510|  2020|  554800|  277400|    0|
+-----------------+---------+------+--------+--------+-----+
|Utilization (%)  |        0|     0|      ~0|      ~0|    0|
+-----------------+---------+------+--------+--------+-----+

+ Detail: 
    * Instance: 
    N/A

    * DSP: 
    N/A

    * Memory: 
    N/A

    * FIFO: 
    N/A

    * Expression: 
    +---------------------------+----------+----+---+----+------------+------------+
    |       Variable Name       | Operation| DSP| FF| LUT| Bitwidth P0| Bitwidth P1|
    +---------------------------+----------+----+---+----+------------+------------+
    |add_ln57_fu_104_p2         |         +|   0|  0|   6|           6|           1|
    |ap_block_pp0_stage0_01001  |       and|   0|  0|   1|           1|           1|
    |ap_block_pp0_stage0_11001  |       and|   0|  0|   1|           1|           1|
    |icmp_ln57_fu_98_p2         |      icmp|   0|  0|   6|           6|           6|
    |out_last_fu_115_p2         |      icmp|   0|  0|   6|           6|           6|
    |ap_enable_pp0              |       xor|   0|  0|   2|           1|           2|
    +---------------------------+----------+----+---+----+------------+------------+
    |Total                      |          |   0|  0|  22|          21|          17|
    +---------------------------+----------+----+---+----+------------+------------+

    * Multiplexer: 
    +-------------------------+----+-----------+-----+-----------+
    |           Name          | LUT| Input Size| Bits| Total Bits|
    +-------------------------+----+-----------+-----+-----------+
    |ap_done_int              |   9|          2|    1|          2|
    |ap_enable_reg_pp0_iter1  |   9|          2|    1|          2|
    |ap_sig_allocacmp_m_1     |   9|          2|    6|         12|
    |m_fu_54                  |   9|          2|    6|         12|
    |out_stream_TDATA_blk_n   |   9|          2|    1|          2|
    +-------------------------+----+-----------+-----+-----------+
    |Total                    |  45|         10|   15|         30|
    +-------------------------+----+-----------+-----+-----------+

    * Register: 
    +-------------------------+---+----+-----+-----------+
    |           Name          | FF| LUT| Bits| Const Bits|
    +-------------------------+---+----+-----+-----------+
    |ap_CS_fsm                |  1|   0|    1|          0|
    |ap_done_reg              |  1|   0|    1|          0|
    |ap_enable_reg_pp0_iter1  |  1|   0|    1|          0|
    |m_fu_54                  |  6|   0|    6|          0|
    |out_last_reg_141         |  1|   0|    1|          0|
    +-------------------------+---+----+-----+-----------+
    |Total                    | 10|   0|   10|          0|
    +-------------------------+---+----+-----+-----------+



================================================================
== Interface
================================================================
* Summary: 
+-------------------+-----+-----+------------+-----------------------+--------------+
|     RTL Ports     | Dir | Bits|  Protocol  |     Source Object     |    C Type    |
+-------------------+-----+-----+------------+-----------------------+--------------+
|ap_clk             |   in|    1|  ap_ctrl_hs|  logmel_Pipeline_WRITE|  return value|
|ap_rst             |   in|    1|  ap_ctrl_hs|  logmel_Pipeline_WRITE|  return value|
|ap_start           |   in|    1|  ap_ctrl_hs|  logmel_Pipeline_WRITE|  return value|
|ap_done            |  out|    1|  ap_ctrl_hs|  logmel_Pipeline_WRITE|  return value|
|ap_idle            |  out|    1|  ap_ctrl_hs|  logmel_Pipeline_WRITE|  return value|
|ap_ready           |  out|    1|  ap_ctrl_hs|  logmel_Pipeline_WRITE|  return value|
|out_stream_TREADY  |   in|    1|        axis|    out_stream_V_data_V|       pointer|
|out_stream_TDATA   |  out|   16|        axis|    out_stream_V_data_V|       pointer|
|mel_address0       |  out|    6|   ap_memory|                    mel|         array|
|mel_ce0            |  out|    1|   ap_memory|                    mel|         array|
|mel_q0             |   in|   16|   ap_memory|                    mel|         array|
|out_stream_TVALID  |  out|    1|        axis|    out_stream_V_last_V|       pointer|
|out_stream_TLAST   |  out|    1|        axis|    out_stream_V_last_V|       pointer|
|out_stream_TKEEP   |  out|    2|        axis|    out_stream_V_keep_V|       pointer|
|out_stream_TSTRB   |  out|    2|        axis|    out_stream_V_strb_V|       pointer|
+-------------------+-----+-----+------------+-----------------------+--------------+

