
****** Vitis HLS - High-Level Synthesis from C, C++ and OpenCL v2023.2 (64-bit)
  **** SW Build 4023990 on Oct 11 2023
  **** IP Build 4028589 on Sat Oct 14 00:45:43 MDT 2023
  **** SharedData Build 4025554 on Tue Oct 10 17:18:54 MDT 2023
    ** Copyright 1986-2022 Xilinx, Inc. All Rights Reserved.
    ** Copyright 2022-2023 Advanced Micro Devices, Inc. All Rights Reserved.

source /home/Vivado/Vitis_HLS/2023.2/scripts/vitis_hls/hls.tcl -notrace
INFO: [HLS 200-10] Running '/home/Vivado/Vitis_HLS/2023.2/bin/unwrapped/lnx64.o/vitis_hls'
INFO: [HLS 200-10] For user 'osl' on host 'osl-H410M-S2-V3' (Linux_x86_64 version 5.15.0-67-generic) on Fri Jun 12 16:26:59 IST 2026
INFO: [HLS 200-10] On os Ubuntu 20.04.6 LTS
INFO: [HLS 200-10] In directory '/home/osl/FPGA-Track-E/HLS/ex1_hello'
INFO: [HLS 200-2053] The vitis_hls executable is being deprecated. Consider using vitis-run --mode hls --tcl
Sourcing Tcl script 'run_hls.tcl'
INFO: [HLS 200-1510] Running: open_project ex1_hello_prj 
INFO: [HLS 200-10] Creating and opening project '/home/osl/FPGA-Track-E/HLS/ex1_hello/ex1_hello_prj'.
INFO: [HLS 200-1510] Running: set_top passthrough 
INFO: [HLS 200-1510] Running: add_files hello.cpp 
INFO: [HLS 200-10] Adding design file 'hello.cpp' to the project
INFO: [HLS 200-1510] Running: open_solution sol1 -flow_target vivado 
INFO: [HLS 200-10] Creating and opening solution '/home/osl/FPGA-Track-E/HLS/ex1_hello/ex1_hello_prj/sol1'.
INFO: [HLS 200-1505] Using flow_target 'vivado'
Resolution: For help on HLS 200-1505 see docs.xilinx.com/access/sources/dita/topic?Doc_Version=2023.2%20English&url=ug1448-hls-guidance&resourceid=200-1505.html
INFO: [HLS 200-1510] Running: set_part xc7z100ffg900-2 
INFO: [HLS 200-1611] Setting target device to 'xc7z100-ffg900-2'
INFO: [HLS 200-1510] Running: create_clock -period 10 -name default 
INFO: [SYN 201-201] Setting up clock 'default' with a period of 10ns.
INFO: [HLS 200-1510] Running: csynth_design 
INFO: [HLS 200-111] Finished File checks and directory preparation: CPU user time: 0.05 seconds. CPU system time: 0.01 seconds. Elapsed time: 0.06 seconds; current allocated memory: 274.688 MB.
INFO: [HLS 200-10] Analyzing design file 'hello.cpp' ... 
INFO: [HLS 200-111] Finished Source Code Analysis and Preprocessing: CPU user time: 0.3 seconds. CPU system time: 0.26 seconds. Elapsed time: 0.96 seconds; current allocated memory: 275.992 MB.
INFO: [HLS 200-777] Using interface defaults for 'Vivado' flow target.
INFO: [HLS 200-1995] There were 2 instructions in the design after the 'Compile/Link' phase of compilation. See the Design Size Report for more details: /home/osl/FPGA-Track-E/HLS/ex1_hello/ex1_hello_prj/sol1/syn/report/csynth_design_size.rpt
INFO: [HLS 200-1995] There were 2 instructions in the design after the 'Unroll/Inline (step 1)' phase of compilation. See the Design Size Report for more details: /home/osl/FPGA-Track-E/HLS/ex1_hello/ex1_hello_prj/sol1/syn/report/csynth_design_size.rpt
INFO: [HLS 200-1995] There were 2 instructions in the design after the 'Unroll/Inline (step 2)' phase of compilation. See the Design Size Report for more details: /home/osl/FPGA-Track-E/HLS/ex1_hello/ex1_hello_prj/sol1/syn/report/csynth_design_size.rpt
INFO: [HLS 200-1995] There were 2 instructions in the design after the 'Unroll/Inline (step 3)' phase of compilation. See the Design Size Report for more details: /home/osl/FPGA-Track-E/HLS/ex1_hello/ex1_hello_prj/sol1/syn/report/csynth_design_size.rpt
INFO: [HLS 200-1995] There were 2 instructions in the design after the 'Unroll/Inline (step 4)' phase of compilation. See the Design Size Report for more details: /home/osl/FPGA-Track-E/HLS/ex1_hello/ex1_hello_prj/sol1/syn/report/csynth_design_size.rpt
INFO: [HLS 200-1995] There were 2 instructions in the design after the 'Array/Struct (step 1)' phase of compilation. See the Design Size Report for more details: /home/osl/FPGA-Track-E/HLS/ex1_hello/ex1_hello_prj/sol1/syn/report/csynth_design_size.rpt
INFO: [HLS 200-1995] There were 2 instructions in the design after the 'Array/Struct (step 2)' phase of compilation. See the Design Size Report for more details: /home/osl/FPGA-Track-E/HLS/ex1_hello/ex1_hello_prj/sol1/syn/report/csynth_design_size.rpt
INFO: [HLS 200-1995] There were 2 instructions in the design after the 'Array/Struct (step 3)' phase of compilation. See the Design Size Report for more details: /home/osl/FPGA-Track-E/HLS/ex1_hello/ex1_hello_prj/sol1/syn/report/csynth_design_size.rpt
INFO: [HLS 200-1995] There were 2 instructions in the design after the 'Array/Struct (step 4)' phase of compilation. See the Design Size Report for more details: /home/osl/FPGA-Track-E/HLS/ex1_hello/ex1_hello_prj/sol1/syn/report/csynth_design_size.rpt
INFO: [HLS 200-1995] There were 2 instructions in the design after the 'Array/Struct (step 5)' phase of compilation. See the Design Size Report for more details: /home/osl/FPGA-Track-E/HLS/ex1_hello/ex1_hello_prj/sol1/syn/report/csynth_design_size.rpt
INFO: [HLS 200-1995] There were 2 instructions in the design after the 'Performance (step 1)' phase of compilation. See the Design Size Report for more details: /home/osl/FPGA-Track-E/HLS/ex1_hello/ex1_hello_prj/sol1/syn/report/csynth_design_size.rpt
INFO: [HLS 200-1995] There were 2 instructions in the design after the 'Performance (step 2)' phase of compilation. See the Design Size Report for more details: /home/osl/FPGA-Track-E/HLS/ex1_hello/ex1_hello_prj/sol1/syn/report/csynth_design_size.rpt
INFO: [HLS 200-1995] There were 2 instructions in the design after the 'Performance (step 3)' phase of compilation. See the Design Size Report for more details: /home/osl/FPGA-Track-E/HLS/ex1_hello/ex1_hello_prj/sol1/syn/report/csynth_design_size.rpt
INFO: [HLS 200-1995] There were 2 instructions in the design after the 'Performance (step 4)' phase of compilation. See the Design Size Report for more details: /home/osl/FPGA-Track-E/HLS/ex1_hello/ex1_hello_prj/sol1/syn/report/csynth_design_size.rpt
INFO: [HLS 200-1995] There were 6 instructions in the design after the 'HW Transforms (step 1)' phase of compilation. See the Design Size Report for more details: /home/osl/FPGA-Track-E/HLS/ex1_hello/ex1_hello_prj/sol1/syn/report/csynth_design_size.rpt
INFO: [HLS 200-1995] There were 7 instructions in the design after the 'HW Transforms (step 2)' phase of compilation. See the Design Size Report for more details: /home/osl/FPGA-Track-E/HLS/ex1_hello/ex1_hello_prj/sol1/syn/report/csynth_design_size.rpt
INFO: [HLS 200-111] Finished Compiling Optimization and Transform: CPU user time: 1.8 seconds. CPU system time: 0.26 seconds. Elapsed time: 7.1 seconds; current allocated memory: 277.633 MB.
INFO: [HLS 200-111] Finished Checking Pragmas: CPU user time: 0 seconds. CPU system time: 0 seconds. Elapsed time: 0 seconds; current allocated memory: 277.633 MB.
INFO: [HLS 200-10] Starting code transformations ...
INFO: [HLS 200-111] Finished Standard Transforms: CPU user time: 0.01 seconds. CPU system time: 0.02 seconds. Elapsed time: 0.08 seconds; current allocated memory: 277.633 MB.
INFO: [HLS 200-10] Checking synthesizability ...
INFO: [HLS 200-111] Finished Checking Synthesizability: CPU user time: 0.01 seconds. CPU system time: 0 seconds. Elapsed time: 0.02 seconds; current allocated memory: 277.633 MB.
INFO: [HLS 200-111] Finished Loop, function and other optimizations: CPU user time: 0.02 seconds. CPU system time: 0 seconds. Elapsed time: 0.03 seconds; current allocated memory: 297.434 MB.
INFO: [HLS 200-111] Finished Architecture Synthesis: CPU user time: 0.01 seconds. CPU system time: 0 seconds. Elapsed time: 0.01 seconds; current allocated memory: 297.434 MB.
INFO: [HLS 200-10] Starting hardware synthesis ...
INFO: [HLS 200-10] Synthesizing 'passthrough' ...
INFO: [HLS 200-10] ----------------------------------------------------------------
INFO: [HLS 200-42] -- Implementing module 'passthrough' 
INFO: [HLS 200-10] ----------------------------------------------------------------
INFO: [SCHED 204-11] Starting scheduling ...
INFO: [SCHED 204-11] Finished scheduling.
INFO: [HLS 200-111] Finished Scheduling: CPU user time: 0.01 seconds. CPU system time: 0.03 seconds. Elapsed time: 0.05 seconds; current allocated memory: 297.434 MB.
INFO: [BIND 205-100] Starting micro-architecture generation ...
INFO: [BIND 205-101] Performing variable lifetime analysis.
INFO: [BIND 205-101] Exploring resource sharing.
INFO: [BIND 205-101] Binding ...
INFO: [BIND 205-100] Finished micro-architecture generation.
INFO: [HLS 200-111] Finished Binding: CPU user time: 0.02 seconds. CPU system time: 0 seconds. Elapsed time: 0.02 seconds; current allocated memory: 297.434 MB.
INFO: [HLS 200-10] ----------------------------------------------------------------
INFO: [HLS 200-10] -- Generating RTL for module 'passthrough' 
INFO: [HLS 200-10] ----------------------------------------------------------------
INFO: [RTGEN 206-500] Setting interface mode on port 'passthrough/in_val' to 'ap_none'.
INFO: [RTGEN 206-500] Setting interface mode on port 'passthrough/out_val' to 'ap_vld'.
INFO: [RTGEN 206-500] Setting interface mode on function 'passthrough' to 'ap_ctrl_hs'.
INFO: [RTGEN 206-100] Finished creating RTL model for 'passthrough'.
INFO: [HLS 200-111] Finished Creating RTL model: CPU user time: 0.01 seconds. CPU system time: 0 seconds. Elapsed time: 0.02 seconds; current allocated memory: 297.434 MB.
INFO: [HLS 200-111] Finished Generating all RTL models: CPU user time: 0.11 seconds. CPU system time: 0.01 seconds. Elapsed time: 0.13 seconds; current allocated memory: 297.434 MB.
INFO: [HLS 200-111] Finished Updating report files: CPU user time: 0.11 seconds. CPU system time: 0.02 seconds. Elapsed time: 0.13 seconds; current allocated memory: 297.434 MB.
INFO: [VHDL 208-304] Generating VHDL RTL for passthrough.
INFO: [VLOG 209-307] Generating Verilog RTL for passthrough.
INFO: [HLS 200-789] **** Estimated Fmax: 0.00 MHz
INFO: [HLS 200-111] Finished Command csynth_design CPU user time: 2.47 seconds. CPU system time: 0.61 seconds. Elapsed time: 8.61 seconds; current allocated memory: 22.746 MB.
INFO: [HLS 200-1510] Running: export_design -format ip_catalog 
INFO: [IMPL 213-8] Exporting RTL as a Vivado IP.

****** Vivado v2023.2 (64-bit)
  **** SW Build 4029153 on Fri Oct 13 20:13:54 MDT 2023
  **** IP Build 4028589 on Sat Oct 14 00:45:43 MDT 2023
  **** SharedData Build 4025554 on Tue Oct 10 17:18:54 MDT 2023
    ** Copyright 1986-2022 Xilinx, Inc. All Rights Reserved.
    ** Copyright 2022-2023 Advanced Micro Devices, Inc. All Rights Reserved.

source run_ippack.tcl -notrace
INFO: [IP_Flow 19-234] Refreshing IP repositories
INFO: [IP_Flow 19-1704] No user IP repositories specified
INFO: [IP_Flow 19-2313] Loaded Vivado IP repository '/home/Vivado/Vivado/2023.2/data/ip'.
INFO: [Common 17-206] Exiting Vivado at Fri Jun 12 16:27:23 2026...
INFO: [HLS 200-802] Generated output file ex1_hello_prj/sol1/impl/export.zip
INFO: [HLS 200-111] Finished Command export_design CPU user time: 10.53 seconds. CPU system time: 1.1 seconds. Elapsed time: 16.55 seconds; current allocated memory: 0.602 MB.
INFO: [HLS 200-112] Total CPU user time: 14.72 seconds. Total CPU system time: 1.99 seconds. Total elapsed time: 27.8 seconds; peak allocated memory: 298.035 MB.
INFO: [Common 17-206] Exiting vitis_hls at Fri Jun 12 16:27:26 2026...
